[debug] [2024-02-02T23:59:51.485Z] ----------------------------------------------------------------------
[debug] [2024-02-02T23:59:51.487Z] Command:       C:\Program Files\nodejs\node.exe C:\Users\GIGA\AppData\Roaming\npm\node_modules\firebase-tools\lib\bin\firebase.js init
[debug] [2024-02-02T23:59:51.487Z] CLI Version:   12.4.4
[debug] [2024-02-02T23:59:51.487Z] Platform:      win32
[debug] [2024-02-02T23:59:51.488Z] Node Version:  v16.13.0
[debug] [2024-02-02T23:59:51.488Z] Time:          Sat Feb 03 2024 05:29:51 GMT+0530 (India Standard Time)
[debug] [2024-02-02T23:59:51.489Z] ----------------------------------------------------------------------
[debug] 
[debug] [2024-02-02T23:59:51.557Z] > command requires scopes: ["email","openid","https://www.googleapis.com/auth/cloudplatformprojects.readonly","https://www.googleapis.com/auth/firebase","https://www.googleapis.com/auth/cloud-platform"]
[debug] [2024-02-02T23:59:51.557Z] > authorizing via signed-in user (bhavitkanthalia16@gmail.com)
[info] 
     ######## #### ########  ######## ########     ###     ######  ########
     ##        ##  ##     ## ##       ##     ##  ##   ##  ##       ##
     ######    ##  ########  ######   ########  #########  ######  ######
     ##        ##  ##    ##  ##       ##     ## ##     ##       ## ##
     ##       #### ##     ## ######## ########  ##     ##  ######  ########

You're about to initialize a Firebase project in this directory:

  F:\client-side-forms

Before we get started, keep in mind:

  * You are initializing within an existing Firebase project directory

[info] 
=== Project Setup
[info] 
[info] First, let's associate this project directory with a Firebase project.
[info] You can create multiple project aliases by running firebase use --add, 
[info] but for now we'll just set up a default project.
[info] 
[debug] [2024-02-03T00:00:34.638Z] Using project from CLI flag: setu-crm
[debug] [2024-02-03T00:00:34.641Z] >>> [apiv2][query] GET https://firebase.googleapis.com/v1beta1/projects/setu-crm [none]
[debug] [2024-02-03T00:00:35.446Z] <<< [apiv2][status] GET https://firebase.googleapis.com/v1beta1/projects/setu-crm 200
[debug] [2024-02-03T00:00:35.446Z] <<< [apiv2][body] GET https://firebase.googleapis.com/v1beta1/projects/setu-crm {"projectId":"setu-crm","projectNumber":"190646086130","displayName":"Setu-crm","name":"projects/setu-crm","resources":{"hostingSite":"setu-crm","realtimeDatabaseInstance":"setu-crm-default-rtdb"},"state":"ACTIVE","etag":"1_c2a60cbd-7702-485d-b428-4aa6b8beb55f"}
[info] i  Using project setu-crm (Setu-crm) 
[info] 
=== Database Setup
[info] i  database: ensuring required API firebasedatabase.googleapis.com is enabled... 
[debug] [2024-02-03T00:00:35.452Z] >>> [apiv2][query] GET https://serviceusage.googleapis.com/v1/projects/setu-crm/services/firebasedatabase.googleapis.com [none]
[debug] [2024-02-03T00:00:35.453Z] >>> [apiv2][(partial)header] GET https://serviceusage.googleapis.com/v1/projects/setu-crm/services/firebasedatabase.googleapis.com x-goog-quota-user=projects/setu-crm
[debug] [2024-02-03T00:00:37.232Z] <<< [apiv2][status] GET https://serviceusage.googleapis.com/v1/projects/setu-crm/services/firebasedatabase.googleapis.com 200
[debug] [2024-02-03T00:00:37.232Z] <<< [apiv2][body] GET https://serviceusage.googleapis.com/v1/projects/setu-crm/services/firebasedatabase.googleapis.com [omitted]
[info] +  database: required API firebasedatabase.googleapis.com is enabled 
[info] 
[debug] [2024-02-03T00:00:37.233Z] >>> [apiv2][query] GET https://firebasedatabase.googleapis.com/v1beta/projects/setu-crm/locations/-/instances/setu-crm-default-rtdb [none]
[debug] [2024-02-03T00:00:47.245Z] *** [apiv2] error from fetch(https://firebasedatabase.googleapis.com/v1beta/projects/setu-crm/locations/-/instances/setu-crm-default-rtdb, {"headers":{},"method":"GET","signal":{}}): AbortError: The user aborted a request.
[debug] [2024-02-03T00:00:47.246Z] Timeout reached making request to https://firebasedatabase.googleapis.com/v1beta/projects/setu-crm/locations/-/instances/setu-crm-default-rtdb
[debug] [2024-02-03T00:00:47.248Z] FirebaseError: Timeout reached making request to https://firebasedatabase.googleapis.com/v1beta/projects/setu-crm/locations/-/instances/setu-crm-default-rtdb
    at RetryOperation._fn (C:\Users\GIGA\AppData\Roaming\npm\node_modules\firebase-tools\lib\apiv2.js:239:35)
    at processTicksAndRejections (node:internal/process/task_queues:96:5)
[error] 
[error] Error: Failed to get instance details for instance: setu-crm-default-rtdb. See firebase-debug.log for more details.
